---------- Date: 2015-10-11 13:29:49 ~ IP : 127.0.0.1 ----------
REQUEST URI : /index.php?route=affiliate/tracking
MOD DETAILS:
   modFile   : E:\OpenServer\domains\oc.loc\vqmod/xml/affiliatemmm_catalog.xml
   id        : affiliatemmm
   version   : 2.0
   vqmver    : 2.1.6
   author    : NeitrinoZull

File Name    : catalog/view/theme/*/template/affiliate/tracking.tpl(0)
VQModObject::applyMod - SEARCH NOT FOUND (ABORTING MOD): <h1><?php echo $heading_title; ?></h1>

----------------------------------------------------------------------


---------- Date: 2015-10-11 14:11:29 ~ IP : 127.0.0.1 ----------
REQUEST URI : /index.php?route=affiliate/tracking
MOD DETAILS:
   modFile   : E:\OpenServer\domains\oc.loc\vqmod/xml/affiliatemmm_catalog.xml
   id        : affiliatemmm
   version   : 2.0
   vqmver    : 2.1.6
   author    : NeitrinoZull

File Name    : catalog/view/theme/*/template/affiliate/tracking.tpl(0)
VQModObject::applyMod - SEARCH NOT FOUND (ABORTING MOD): <h1><?php echo $heading_title; ?></h1>

----------------------------------------------------------------------


---------- Date: 2015-10-11 14:38:34 ~ IP : 127.0.0.1 ----------
REQUEST URI : /index.php?route=affiliate/tracking
MOD DETAILS:
   modFile   : E:\OpenServer\domains\oc.loc\vqmod/xml/affiliatemmm_catalog.xml
   id        : affiliatemmm
   version   : 2.0
   vqmver    : 2.1.6
   author    : NeitrinoZull

File Name    : catalog/view/theme/*/template/affiliate/tracking.tpl(0)
VQModObject::applyMod - SEARCH NOT FOUND (ABORTING MOD): <h1><?php echo $heading_title; ?></h1>

----------------------------------------------------------------------


---------- Date: 2015-10-11 14:41:18 ~ IP : 127.0.0.1 ----------
REQUEST URI : /index.php?route=affiliate/tracking
MOD DETAILS:
   modFile   : E:\OpenServer\domains\oc.loc\vqmod/xml/affiliatemmm_catalog.xml
   id        : affiliatemmm
   version   : 2.0
   vqmver    : 2.1.6
   author    : NeitrinoZull

File Name    : catalog/view/theme/*/template/affiliate/tracking.tpl(0)
VQModObject::applyMod - SEARCH NOT FOUND (ABORTING MOD): <h1><?php echo $heading_title; ?></h1>

----------------------------------------------------------------------


---------- Date: 2015-10-11 15:00:55 ~ IP : 127.0.0.1 ----------
REQUEST URI : /index.php?route=affiliate/tracking
MOD DETAILS:
   modFile   : E:\OpenServer\domains\oc.loc\vqmod/xml/affiliatemmm_catalog.xml
   id        : affiliatemmm
   version   : 2.0
   vqmver    : 2.1.6
   author    : NeitrinoZull

File Name    : catalog/view/theme/*/template/affiliate/tracking.tpl(0)
VQModObject::applyMod - SEARCH NOT FOUND (ABORTING MOD): <h1><?php echo $heading_title; ?></h1>

----------------------------------------------------------------------


---------- Date: 2015-10-11 17:03:41 ~ IP : 127.0.0.1 ----------
REQUEST URI : /index.php?route=affiliate/tracking
MOD DETAILS:
   modFile   : E:\OpenServer\domains\oc.loc\vqmod/xml/affiliatemmm_catalog.xml
   id        : affiliatemmm
   version   : 2.0
   vqmver    : 2.1.6
   author    : NeitrinoZull

File Name    : catalog/view/theme/*/template/affiliate/tracking.tpl(0)
VQModObject::applyMod - SEARCH NOT FOUND (ABORTING MOD): <h1><?php echo $heading_title; ?></h1>

----------------------------------------------------------------------


---------- Date: 2015-10-11 19:24:20 ~ IP : 127.0.0.1 ----------
REQUEST URI : /index.php?route=affiliate/tracking
MOD DETAILS:
   modFile   : E:\OpenServer\domains\oc.loc\vqmod/xml/affiliatemmm_catalog.xml
   id        : affiliatemmm
   version   : 2.0
   vqmver    : 2.1.6
   author    : NeitrinoZull

File Name    : catalog/view/theme/*/template/affiliate/tracking.tpl(0)
VQModObject::applyMod - SEARCH NOT FOUND (ABORTING MOD): <h1><?php echo $heading_title; ?></h1>

----------------------------------------------------------------------


---------- Date: 2015-10-11 19:26:45 ~ IP : 127.0.0.1 ----------
REQUEST URI : /index.php?route=affiliate/tracking
MOD DETAILS:
   modFile   : E:\OpenServer\domains\oc.loc\vqmod/xml/affiliatemmm_catalog.xml
   id        : affiliatemmm
   version   : 2.0
   vqmver    : 2.1.6
   author    : NeitrinoZull

File Name    : catalog/view/theme/*/template/affiliate/tracking.tpl(0)
VQModObject::applyMod - SEARCH NOT FOUND (ABORTING MOD): <h1><?php echo $heading_title; ?></h1>

----------------------------------------------------------------------


---------- Date: 2015-10-11 19:34:12 ~ IP : 127.0.0.1 ----------
REQUEST URI : /index.php?route=affiliate/tracking
MOD DETAILS:
   modFile   : E:\OpenServer\domains\oc.loc\vqmod/xml/affiliatemmm_catalog.xml
   id        : affiliatemmm
   version   : 2.0
   vqmver    : 2.1.6
   author    : NeitrinoZull

File Name    : catalog/view/theme/*/template/affiliate/tracking.tpl(0)
VQModObject::applyMod - SEARCH NOT FOUND (ABORTING MOD): <h1><?php echo $heading_title; ?></h1>

----------------------------------------------------------------------


---------- Date: 2015-10-11 20:00:51 ~ IP : 127.0.0.1 ----------
REQUEST URI : /index.php?route=affiliate/tracking
MOD DETAILS:
   modFile   : E:\OpenServer\domains\oc.loc\vqmod/xml/affiliatemmm_catalog.xml
   id        : affiliatemmm
   version   : 2.0
   vqmver    : 2.1.6
   author    : NeitrinoZull

File Name    : catalog/view/theme/*/template/affiliate/tracking.tpl(0)
VQModObject::applyMod - SEARCH NOT FOUND (ABORTING MOD): <h1><?php echo $heading_title; ?></h1>

----------------------------------------------------------------------


---------- Date: 2015-10-11 21:40:55 ~ IP : 127.0.0.1 ----------
REQUEST URI : /index.php?route=affiliate/tracking
MOD DETAILS:
   modFile   : E:\OpenServer\domains\oc.loc\vqmod/xml/affiliatemmm_catalog.xml
   id        : affiliatemmm
   version   : 2.0
   vqmver    : 2.1.6
   author    : NeitrinoZull

File Name    : catalog/view/theme/*/template/affiliate/tracking.tpl(0)
VQModObject::applyMod - SEARCH NOT FOUND (ABORTING MOD): <h1><?php echo $heading_title; ?></h1>

----------------------------------------------------------------------


---------- Date: 2015-10-11 21:48:57 ~ IP : 127.0.0.1 ----------
REQUEST URI : /index.php?route=affiliate/tracking
MOD DETAILS:
   modFile   : E:\OpenServer\domains\oc.loc\vqmod/xml/affiliatemmm_catalog.xml
   id        : affiliatemmm
   version   : 2.0
   vqmver    : 2.1.6
   author    : NeitrinoZull

File Name    : catalog/view/theme/*/template/affiliate/tracking.tpl(0)
VQModObject::applyMod - SEARCH NOT FOUND (ABORTING MOD): <h1><?php echo $heading_title; ?></h1>

----------------------------------------------------------------------


---------- Date: 2015-10-11 21:54:14 ~ IP : 127.0.0.1 ----------
REQUEST URI : /index.php?route=affiliate/tracking
MOD DETAILS:
   modFile   : E:\OpenServer\domains\oc.loc\vqmod/xml/affiliatemmm_catalog.xml
   id        : affiliatemmm
   version   : 2.0
   vqmver    : 2.1.6
   author    : NeitrinoZull

File Name    : catalog/view/theme/*/template/affiliate/tracking.tpl(0)
VQModObject::applyMod - SEARCH NOT FOUND (ABORTING MOD): <h1><?php echo $heading_title; ?></h1>

----------------------------------------------------------------------


---------- Date: 2015-10-11 21:54:48 ~ IP : 127.0.0.1 ----------
REQUEST URI : /index.php?route=affiliate/tracking
MOD DETAILS:
   modFile   : E:\OpenServer\domains\oc.loc\vqmod/xml/affiliatemmm_catalog.xml
   id        : affiliatemmm
   version   : 2.0
   vqmver    : 2.1.6
   author    : NeitrinoZull

File Name    : catalog/view/theme/*/template/affiliate/tracking.tpl(0)
VQModObject::applyMod - SEARCH NOT FOUND (ABORTING MOD): <h1><?php echo $heading_title; ?></h1>

----------------------------------------------------------------------


---------- Date: 2015-10-11 21:55:29 ~ IP : 127.0.0.1 ----------
REQUEST URI : /index.php?route=affiliate/tracking
MOD DETAILS:
   modFile   : E:\OpenServer\domains\oc.loc\vqmod/xml/affiliatemmm_catalog.xml
   id        : affiliatemmm
   version   : 2.0
   vqmver    : 2.1.6
   author    : NeitrinoZull

File Name    : catalog/view/theme/*/template/affiliate/tracking.tpl(0)
VQModObject::applyMod - SEARCH NOT FOUND (ABORTING MOD): <h1><?php echo $heading_title; ?></h1>

----------------------------------------------------------------------


---------- Date: 2015-10-11 21:56:41 ~ IP : 127.0.0.1 ----------
REQUEST URI : /index.php?route=affiliate/tracking
MOD DETAILS:
   modFile   : E:\OpenServer\domains\oc.loc\vqmod/xml/affiliatemmm_catalog.xml
   id        : affiliatemmm
   version   : 2.0
   vqmver    : 2.1.6
   author    : NeitrinoZull

File Name    : catalog/view/theme/*/template/affiliate/tracking.tpl(0)
VQModObject::applyMod - SEARCH NOT FOUND (ABORTING MOD): <h1><?php echo $heading_title; ?></h1>

----------------------------------------------------------------------


---------- Date: 2015-10-11 21:57:31 ~ IP : 127.0.0.1 ----------
REQUEST URI : /index.php?route=affiliate/tracking
MOD DETAILS:
   modFile   : E:\OpenServer\domains\oc.loc\vqmod/xml/affiliatemmm_catalog.xml
   id        : affiliatemmm
   version   : 2.0
   vqmver    : 2.1.6
   author    : NeitrinoZull

File Name    : catalog/view/theme/*/template/affiliate/tracking.tpl(0)
VQModObject::applyMod - SEARCH NOT FOUND (ABORTING MOD): <h1><?php echo $heading_title; ?></h1>

----------------------------------------------------------------------


---------- Date: 2015-10-11 21:58:12 ~ IP : 127.0.0.1 ----------
REQUEST URI : /index.php?route=affiliate/tracking
MOD DETAILS:
   modFile   : E:\OpenServer\domains\oc.loc\vqmod/xml/affiliatemmm_catalog.xml
   id        : affiliatemmm
   version   : 2.0
   vqmver    : 2.1.6
   author    : NeitrinoZull

File Name    : catalog/view/theme/*/template/affiliate/tracking.tpl(0)
VQModObject::applyMod - SEARCH NOT FOUND (ABORTING MOD): <h1><?php echo $heading_title; ?></h1>

----------------------------------------------------------------------


---------- Date: 2015-10-11 21:58:40 ~ IP : 127.0.0.1 ----------
REQUEST URI : /index.php?route=affiliate/tracking
MOD DETAILS:
   modFile   : E:\OpenServer\domains\oc.loc\vqmod/xml/affiliatemmm_catalog.xml
   id        : affiliatemmm
   version   : 2.0
   vqmver    : 2.1.6
   author    : NeitrinoZull

File Name    : catalog/view/theme/*/template/affiliate/tracking.tpl(0)
VQModObject::applyMod - SEARCH NOT FOUND (ABORTING MOD): <h1><?php echo $heading_title; ?></h1>

----------------------------------------------------------------------


---------- Date: 2015-10-11 21:58:49 ~ IP : 127.0.0.1 ----------
REQUEST URI : /index.php?route=affiliate/tracking
MOD DETAILS:
   modFile   : E:\OpenServer\domains\oc.loc\vqmod/xml/affiliatemmm_catalog.xml
   id        : affiliatemmm
   version   : 2.0
   vqmver    : 2.1.6
   author    : NeitrinoZull

File Name    : catalog/view/theme/*/template/affiliate/tracking.tpl(0)
VQModObject::applyMod - SEARCH NOT FOUND (ABORTING MOD): <h1><?php echo $heading_title; ?></h1>

----------------------------------------------------------------------


---------- Date: 2015-10-11 21:58:54 ~ IP : 127.0.0.1 ----------
REQUEST URI : /index.php?route=affiliate/tracking
MOD DETAILS:
   modFile   : E:\OpenServer\domains\oc.loc\vqmod/xml/affiliatemmm_catalog.xml
   id        : affiliatemmm
   version   : 2.0
   vqmver    : 2.1.6
   author    : NeitrinoZull

File Name    : catalog/view/theme/*/template/affiliate/tracking.tpl(0)
VQModObject::applyMod - SEARCH NOT FOUND (ABORTING MOD): <h1><?php echo $heading_title; ?></h1>

----------------------------------------------------------------------


---------- Date: 2015-10-11 21:59:55 ~ IP : 127.0.0.1 ----------
REQUEST URI : /index.php?route=affiliate/tracking
MOD DETAILS:
   modFile   : E:\OpenServer\domains\oc.loc\vqmod/xml/affiliatemmm_catalog.xml
   id        : affiliatemmm
   version   : 2.0
   vqmver    : 2.1.6
   author    : NeitrinoZull

File Name    : catalog/view/theme/*/template/affiliate/tracking.tpl(0)
VQModObject::applyMod - SEARCH NOT FOUND (ABORTING MOD): <h1><?php echo $heading_title; ?></h1>

----------------------------------------------------------------------


---------- Date: 2015-10-11 22:00:44 ~ IP : 127.0.0.1 ----------
REQUEST URI : /index.php?route=affiliate/tracking
MOD DETAILS:
   modFile   : E:\OpenServer\domains\oc.loc\vqmod/xml/affiliatemmm_catalog.xml
   id        : affiliatemmm
   version   : 2.0
   vqmver    : 2.1.6
   author    : NeitrinoZull

File Name    : catalog/view/theme/*/template/affiliate/tracking.tpl(0)
VQModObject::applyMod - SEARCH NOT FOUND (ABORTING MOD): <h1><?php echo $heading_title; ?></h1>

----------------------------------------------------------------------


---------- Date: 2015-10-11 22:01:32 ~ IP : 127.0.0.1 ----------
REQUEST URI : /index.php?route=affiliate/tracking
MOD DETAILS:
   modFile   : E:\OpenServer\domains\oc.loc\vqmod/xml/affiliatemmm_catalog.xml
   id        : affiliatemmm
   version   : 2.0
   vqmver    : 2.1.6
   author    : NeitrinoZull

File Name    : catalog/view/theme/*/template/affiliate/tracking.tpl(0)
VQModObject::applyMod - SEARCH NOT FOUND (ABORTING MOD): <h1><?php echo $heading_title; ?></h1>

----------------------------------------------------------------------


---------- Date: 2015-10-11 22:01:58 ~ IP : 127.0.0.1 ----------
REQUEST URI : /index.php?route=affiliate/tracking
MOD DETAILS:
   modFile   : E:\OpenServer\domains\oc.loc\vqmod/xml/affiliatemmm_catalog.xml
   id        : affiliatemmm
   version   : 2.0
   vqmver    : 2.1.6
   author    : NeitrinoZull

File Name    : catalog/view/theme/*/template/affiliate/tracking.tpl(0)
VQModObject::applyMod - SEARCH NOT FOUND (ABORTING MOD): <h1><?php echo $heading_title; ?></h1>

----------------------------------------------------------------------


---------- Date: 2015-10-11 22:02:14 ~ IP : 127.0.0.1 ----------
REQUEST URI : /index.php?route=affiliate/tracking
MOD DETAILS:
   modFile   : E:\OpenServer\domains\oc.loc\vqmod/xml/affiliatemmm_catalog.xml
   id        : affiliatemmm
   version   : 2.0
   vqmver    : 2.1.6
   author    : NeitrinoZull

File Name    : catalog/view/theme/*/template/affiliate/tracking.tpl(0)
VQModObject::applyMod - SEARCH NOT FOUND (ABORTING MOD): <h1><?php echo $heading_title; ?></h1>

----------------------------------------------------------------------


---------- Date: 2015-10-11 22:02:30 ~ IP : 127.0.0.1 ----------
REQUEST URI : /index.php?route=affiliate/tracking
MOD DETAILS:
   modFile   : E:\OpenServer\domains\oc.loc\vqmod/xml/affiliatemmm_catalog.xml
   id        : affiliatemmm
   version   : 2.0
   vqmver    : 2.1.6
   author    : NeitrinoZull

File Name    : catalog/view/theme/*/template/affiliate/tracking.tpl(0)
VQModObject::applyMod - SEARCH NOT FOUND (ABORTING MOD): <h1><?php echo $heading_title; ?></h1>

----------------------------------------------------------------------


---------- Date: 2015-10-11 22:03:05 ~ IP : 127.0.0.1 ----------
REQUEST URI : /index.php?route=affiliate/tracking
MOD DETAILS:
   modFile   : E:\OpenServer\domains\oc.loc\vqmod/xml/affiliatemmm_catalog.xml
   id        : affiliatemmm
   version   : 2.0
   vqmver    : 2.1.6
   author    : NeitrinoZull

File Name    : catalog/view/theme/*/template/affiliate/tracking.tpl(0)
VQModObject::applyMod - SEARCH NOT FOUND (ABORTING MOD): <h1><?php echo $heading_title; ?></h1>

----------------------------------------------------------------------


---------- Date: 2015-10-11 22:04:18 ~ IP : 127.0.0.1 ----------
REQUEST URI : /index.php?route=affiliate/tracking
MOD DETAILS:
   modFile   : E:\OpenServer\domains\oc.loc\vqmod/xml/affiliatemmm_catalog.xml
   id        : affiliatemmm
   version   : 2.0
   vqmver    : 2.1.6
   author    : NeitrinoZull

File Name    : catalog/view/theme/*/template/affiliate/tracking.tpl(0)
VQModObject::applyMod - SEARCH NOT FOUND (ABORTING MOD): <h1><?php echo $heading_title; ?></h1>

----------------------------------------------------------------------


---------- Date: 2015-10-11 22:06:23 ~ IP : 127.0.0.1 ----------
REQUEST URI : /index.php?route=affiliate/tracking
MOD DETAILS:
   modFile   : E:\OpenServer\domains\oc.loc\vqmod/xml/affiliatemmm_catalog.xml
   id        : affiliatemmm
   version   : 2.0
   vqmver    : 2.1.6
   author    : NeitrinoZull

File Name    : catalog/view/theme/*/template/affiliate/tracking.tpl(0)
VQModObject::applyMod - SEARCH NOT FOUND (ABORTING MOD): <h1><?php echo $heading_title; ?></h1>

----------------------------------------------------------------------


---------- Date: 2015-10-11 22:06:40 ~ IP : 127.0.0.1 ----------
REQUEST URI : /index.php?route=affiliate/tracking
MOD DETAILS:
   modFile   : E:\OpenServer\domains\oc.loc\vqmod/xml/affiliatemmm_catalog.xml
   id        : affiliatemmm
   version   : 2.0
   vqmver    : 2.1.6
   author    : NeitrinoZull

File Name    : catalog/view/theme/*/template/affiliate/tracking.tpl(0)
VQModObject::applyMod - SEARCH NOT FOUND (ABORTING MOD): <h1><?php echo $heading_title; ?></h1>

----------------------------------------------------------------------


---------- Date: 2015-10-11 22:07:27 ~ IP : 127.0.0.1 ----------
REQUEST URI : /index.php?route=affiliate/tracking
MOD DETAILS:
   modFile   : E:\OpenServer\domains\oc.loc\vqmod/xml/affiliatemmm_catalog.xml
   id        : affiliatemmm
   version   : 2.0
   vqmver    : 2.1.6
   author    : NeitrinoZull

File Name    : catalog/view/theme/*/template/affiliate/tracking.tpl(0)
VQModObject::applyMod - SEARCH NOT FOUND (ABORTING MOD): <h1><?php echo $heading_title; ?></h1>

----------------------------------------------------------------------


---------- Date: 2015-10-11 22:07:58 ~ IP : 127.0.0.1 ----------
REQUEST URI : /index.php?route=affiliate/tracking
MOD DETAILS:
   modFile   : E:\OpenServer\domains\oc.loc\vqmod/xml/affiliatemmm_catalog.xml
   id        : affiliatemmm
   version   : 2.0
   vqmver    : 2.1.6
   author    : NeitrinoZull

File Name    : catalog/view/theme/*/template/affiliate/tracking.tpl(0)
VQModObject::applyMod - SEARCH NOT FOUND (ABORTING MOD): <h1><?php echo $heading_title; ?></h1>

----------------------------------------------------------------------


---------- Date: 2015-10-11 22:12:39 ~ IP : 127.0.0.1 ----------
REQUEST URI : /index.php?route=affiliate/tracking
MOD DETAILS:
   modFile   : E:\OpenServer\domains\oc.loc\vqmod/xml/affiliatemmm_catalog.xml
   id        : affiliatemmm
   version   : 2.0
   vqmver    : 2.1.6
   author    : NeitrinoZull

File Name    : catalog/view/theme/*/template/affiliate/tracking.tpl(0)
VQModObject::applyMod - SEARCH NOT FOUND (ABORTING MOD): <h1><?php echo $heading_title; ?></h1>

----------------------------------------------------------------------


---------- Date: 2015-10-11 22:13:57 ~ IP : 127.0.0.1 ----------
REQUEST URI : /index.php?route=affiliate/tracking
MOD DETAILS:
   modFile   : E:\OpenServer\domains\oc.loc\vqmod/xml/affiliatemmm_catalog.xml
   id        : affiliatemmm
   version   : 2.0
   vqmver    : 2.1.6
   author    : NeitrinoZull

File Name    : catalog/view/theme/*/template/affiliate/tracking.tpl(0)
VQModObject::applyMod - SEARCH NOT FOUND (ABORTING MOD): <h1><?php echo $heading_title; ?></h1>

----------------------------------------------------------------------


---------- Date: 2015-10-11 22:15:51 ~ IP : 127.0.0.1 ----------
REQUEST URI : /index.php?route=affiliate/tracking
MOD DETAILS:
   modFile   : E:\OpenServer\domains\oc.loc\vqmod/xml/affiliatemmm_catalog.xml
   id        : affiliatemmm
   version   : 2.0
   vqmver    : 2.1.6
   author    : NeitrinoZull

File Name    : catalog/view/theme/*/template/affiliate/tracking.tpl(0)
VQModObject::applyMod - SEARCH NOT FOUND (ABORTING MOD): <h1><?php echo $heading_title; ?></h1>

----------------------------------------------------------------------


---------- Date: 2015-10-11 22:17:36 ~ IP : 127.0.0.1 ----------
REQUEST URI : /index.php?route=affiliate/tracking
MOD DETAILS:
   modFile   : E:\OpenServer\domains\oc.loc\vqmod/xml/affiliatemmm_catalog.xml
   id        : affiliatemmm
   version   : 2.0
   vqmver    : 2.1.6
   author    : NeitrinoZull

File Name    : catalog/view/theme/*/template/affiliate/tracking.tpl(0)
VQModObject::applyMod - SEARCH NOT FOUND (ABORTING MOD): <h1><?php echo $heading_title; ?></h1>

----------------------------------------------------------------------


---------- Date: 2015-10-11 22:21:05 ~ IP : 127.0.0.1 ----------
REQUEST URI : /index.php?route=affiliate/tracking
MOD DETAILS:
   modFile   : E:\OpenServer\domains\oc.loc\vqmod/xml/affiliatemmm_catalog.xml
   id        : affiliatemmm
   version   : 2.0
   vqmver    : 2.1.6
   author    : NeitrinoZull

File Name    : catalog/view/theme/*/template/affiliate/tracking.tpl(0)
VQModObject::applyMod - SEARCH NOT FOUND (ABORTING MOD): <h1><?php echo $heading_title; ?></h1>

----------------------------------------------------------------------


---------- Date: 2015-10-11 22:21:11 ~ IP : 127.0.0.1 ----------
REQUEST URI : /index.php?route=affiliate/tracking
MOD DETAILS:
   modFile   : E:\OpenServer\domains\oc.loc\vqmod/xml/affiliatemmm_catalog.xml
   id        : affiliatemmm
   version   : 2.0
   vqmver    : 2.1.6
   author    : NeitrinoZull

File Name    : catalog/view/theme/*/template/affiliate/tracking.tpl(0)
VQModObject::applyMod - SEARCH NOT FOUND (ABORTING MOD): <h1><?php echo $heading_title; ?></h1>

----------------------------------------------------------------------


---------- Date: 2015-10-11 22:21:38 ~ IP : 127.0.0.1 ----------
REQUEST URI : /index.php?route=affiliate/tracking
MOD DETAILS:
   modFile   : E:\OpenServer\domains\oc.loc\vqmod/xml/affiliatemmm_catalog.xml
   id        : affiliatemmm
   version   : 2.0
   vqmver    : 2.1.6
   author    : NeitrinoZull

File Name    : catalog/view/theme/*/template/affiliate/tracking.tpl(0)
VQModObject::applyMod - SEARCH NOT FOUND (ABORTING MOD): <h1><?php echo $heading_title; ?></h1>

----------------------------------------------------------------------


---------- Date: 2015-10-11 22:23:27 ~ IP : 127.0.0.1 ----------
REQUEST URI : /index.php?route=affiliate/tracking
MOD DETAILS:
   modFile   : E:\OpenServer\domains\oc.loc\vqmod/xml/affiliatemmm_catalog.xml
   id        : affiliatemmm
   version   : 2.0
   vqmver    : 2.1.6
   author    : NeitrinoZull

File Name    : catalog/view/theme/*/template/affiliate/tracking.tpl(0)
VQModObject::applyMod - SEARCH NOT FOUND (ABORTING MOD): <h1><?php echo $heading_title; ?></h1>

----------------------------------------------------------------------


---------- Date: 2015-10-11 22:26:04 ~ IP : 127.0.0.1 ----------
REQUEST URI : /index.php?route=affiliate/tracking
MOD DETAILS:
   modFile   : E:\OpenServer\domains\oc.loc\vqmod/xml/affiliatemmm_catalog.xml
   id        : affiliatemmm
   version   : 2.0
   vqmver    : 2.1.6
   author    : NeitrinoZull

File Name    : catalog/view/theme/*/template/affiliate/tracking.tpl(0)
VQModObject::applyMod - SEARCH NOT FOUND (ABORTING MOD): <h1><?php echo $heading_title; ?></h1>

----------------------------------------------------------------------


---------- Date: 2015-10-11 22:26:13 ~ IP : 127.0.0.1 ----------
REQUEST URI : /index.php?route=affiliate/tracking
MOD DETAILS:
   modFile   : E:\OpenServer\domains\oc.loc\vqmod/xml/affiliatemmm_catalog.xml
   id        : affiliatemmm
   version   : 2.0
   vqmver    : 2.1.6
   author    : NeitrinoZull

File Name    : catalog/view/theme/*/template/affiliate/tracking.tpl(0)
VQModObject::applyMod - SEARCH NOT FOUND (ABORTING MOD): <h1><?php echo $heading_title; ?></h1>

----------------------------------------------------------------------


---------- Date: 2015-10-11 22:26:39 ~ IP : 127.0.0.1 ----------
REQUEST URI : /index.php?route=affiliate/tracking
MOD DETAILS:
   modFile   : E:\OpenServer\domains\oc.loc\vqmod/xml/affiliatemmm_catalog.xml
   id        : affiliatemmm
   version   : 2.0
   vqmver    : 2.1.6
   author    : NeitrinoZull

File Name    : catalog/view/theme/*/template/affiliate/tracking.tpl(0)
VQModObject::applyMod - SEARCH NOT FOUND (ABORTING MOD): <h1><?php echo $heading_title; ?></h1>

----------------------------------------------------------------------


---------- Date: 2015-10-11 22:28:11 ~ IP : 127.0.0.1 ----------
REQUEST URI : /index.php?route=affiliate/tracking
MOD DETAILS:
   modFile   : E:\OpenServer\domains\oc.loc\vqmod/xml/affiliatemmm_catalog.xml
   id        : affiliatemmm
   version   : 2.0
   vqmver    : 2.1.6
   author    : NeitrinoZull

File Name    : catalog/view/theme/*/template/affiliate/tracking.tpl(0)
VQModObject::applyMod - SEARCH NOT FOUND (ABORTING MOD): <h1><?php echo $heading_title; ?></h1>

----------------------------------------------------------------------


---------- Date: 2015-10-11 22:35:08 ~ IP : 127.0.0.1 ----------
REQUEST URI : /index.php?route=affiliate/tracking
MOD DETAILS:
   modFile   : E:\OpenServer\domains\oc.loc\vqmod/xml/affiliatemmm_catalog.xml
   id        : affiliatemmm
   version   : 2.0
   vqmver    : 2.1.6
   author    : NeitrinoZull

File Name    : catalog/view/theme/*/template/affiliate/tracking.tpl(0)
VQModObject::applyMod - SEARCH NOT FOUND (ABORTING MOD): <h1><?php echo $heading_title; ?></h1>

----------------------------------------------------------------------


---------- Date: 2015-10-11 22:55:20 ~ IP : 127.0.0.1 ----------
REQUEST URI : /index.php?route=affiliate/tracking
MOD DETAILS:
   modFile   : E:\OpenServer\domains\oc.loc\vqmod/xml/affiliatemmm_catalog.xml
   id        : affiliatemmm
   version   : 2.0
   vqmver    : 2.1.6
   author    : NeitrinoZull

File Name    : catalog/view/theme/*/template/affiliate/tracking.tpl(0)
VQModObject::applyMod - SEARCH NOT FOUND (ABORTING MOD): <h1><?php echo $heading_title; ?></h1>

----------------------------------------------------------------------


---------- Date: 2015-10-11 22:55:21 ~ IP : 127.0.0.1 ----------
REQUEST URI : /index.php?route=affiliate/tracking
MOD DETAILS:
   modFile   : E:\OpenServer\domains\oc.loc\vqmod/xml/affiliatemmm_catalog.xml
   id        : affiliatemmm
   version   : 2.0
   vqmver    : 2.1.6
   author    : NeitrinoZull

File Name    : catalog/view/theme/*/template/affiliate/tracking.tpl(0)
VQModObject::applyMod - SEARCH NOT FOUND (ABORTING MOD): <h1><?php echo $heading_title; ?></h1>

----------------------------------------------------------------------


---------- Date: 2015-10-11 22:56:22 ~ IP : 127.0.0.1 ----------
REQUEST URI : /index.php?route=affiliate/tracking
MOD DETAILS:
   modFile   : E:\OpenServer\domains\oc.loc\vqmod/xml/affiliatemmm_catalog.xml
   id        : affiliatemmm
   version   : 2.0
   vqmver    : 2.1.6
   author    : NeitrinoZull

File Name    : catalog/view/theme/*/template/affiliate/tracking.tpl(0)
VQModObject::applyMod - SEARCH NOT FOUND (ABORTING MOD): <h1><?php echo $heading_title; ?></h1>

----------------------------------------------------------------------


---------- Date: 2015-10-11 22:57:22 ~ IP : 127.0.0.1 ----------
REQUEST URI : /index.php?route=affiliate/tracking
MOD DETAILS:
   modFile   : E:\OpenServer\domains\oc.loc\vqmod/xml/affiliatemmm_catalog.xml
   id        : affiliatemmm
   version   : 2.0
   vqmver    : 2.1.6
   author    : NeitrinoZull

File Name    : catalog/view/theme/*/template/affiliate/tracking.tpl(0)
VQModObject::applyMod - SEARCH NOT FOUND (ABORTING MOD): <h1><?php echo $heading_title; ?></h1>

----------------------------------------------------------------------


---------- Date: 2015-10-11 22:58:06 ~ IP : 127.0.0.1 ----------
REQUEST URI : /index.php?route=affiliate/tracking
MOD DETAILS:
   modFile   : E:\OpenServer\domains\oc.loc\vqmod/xml/affiliatemmm_catalog.xml
   id        : affiliatemmm
   version   : 2.0
   vqmver    : 2.1.6
   author    : NeitrinoZull

File Name    : catalog/view/theme/*/template/affiliate/tracking.tpl(0)
VQModObject::applyMod - SEARCH NOT FOUND (ABORTING MOD): <h1><?php echo $heading_title; ?></h1>

----------------------------------------------------------------------


---------- Date: 2015-10-11 23:01:41 ~ IP : 127.0.0.1 ----------
REQUEST URI : /index.php?route=affiliate/tracking
MOD DETAILS:
   modFile   : E:\OpenServer\domains\oc.loc\vqmod/xml/affiliatemmm_catalog.xml
   id        : affiliatemmm
   version   : 2.0
   vqmver    : 2.1.6
   author    : NeitrinoZull

File Name    : catalog/view/theme/*/template/affiliate/tracking.tpl(0)
VQModObject::applyMod - SEARCH NOT FOUND (ABORTING MOD): <h1><?php echo $heading_title; ?></h1>

----------------------------------------------------------------------


---------- Date: 2015-10-11 23:10:41 ~ IP : 127.0.0.1 ----------
REQUEST URI : /index.php?route=affiliate/tracking
MOD DETAILS:
   modFile   : E:\OpenServer\domains\oc.loc\vqmod/xml/affiliatemmm_catalog.xml
   id        : affiliatemmm
   version   : 2.0
   vqmver    : 2.1.6
   author    : NeitrinoZull

File Name    : catalog/view/theme/*/template/affiliate/tracking.tpl(0)
VQModObject::applyMod - SEARCH NOT FOUND (ABORTING MOD): <h1><?php echo $heading_title; ?></h1>

----------------------------------------------------------------------


---------- Date: 2015-10-11 23:11:09 ~ IP : 127.0.0.1 ----------
REQUEST URI : /index.php?route=affiliate/tracking
MOD DETAILS:
   modFile   : E:\OpenServer\domains\oc.loc\vqmod/xml/affiliatemmm_catalog.xml
   id        : affiliatemmm
   version   : 2.0
   vqmver    : 2.1.6
   author    : NeitrinoZull

File Name    : catalog/view/theme/*/template/affiliate/tracking.tpl(0)
VQModObject::applyMod - SEARCH NOT FOUND (ABORTING MOD): <h1><?php echo $heading_title; ?></h1>

----------------------------------------------------------------------


---------- Date: 2015-10-11 23:23:39 ~ IP : 127.0.0.1 ----------
REQUEST URI : /index.php?route=affiliate/tracking
MOD DETAILS:
   modFile   : E:\OpenServer\domains\oc.loc\vqmod/xml/affiliatemmm_catalog.xml
   id        : affiliatemmm
   version   : 2.0
   vqmver    : 2.1.6
   author    : NeitrinoZull

File Name    : catalog/view/theme/*/template/affiliate/tracking.tpl(0)
VQModObject::applyMod - SEARCH NOT FOUND (ABORTING MOD): <h1><?php echo $heading_title; ?></h1>

----------------------------------------------------------------------


---------- Date: 2015-10-11 23:23:53 ~ IP : 127.0.0.1 ----------
REQUEST URI : /index.php?route=affiliate/tracking
MOD DETAILS:
   modFile   : E:\OpenServer\domains\oc.loc\vqmod/xml/affiliatemmm_catalog.xml
   id        : affiliatemmm
   version   : 2.0
   vqmver    : 2.1.6
   author    : NeitrinoZull

File Name    : catalog/view/theme/*/template/affiliate/tracking.tpl(0)
VQModObject::applyMod - SEARCH NOT FOUND (ABORTING MOD): <h1><?php echo $heading_title; ?></h1>

----------------------------------------------------------------------


---------- Date: 2015-10-11 23:31:53 ~ IP : 127.0.0.1 ----------
REQUEST URI : /index.php?route=affiliate/tracking
MOD DETAILS:
   modFile   : E:\OpenServer\domains\oc.loc\vqmod/xml/affiliatemmm_catalog.xml
   id        : affiliatemmm
   version   : 2.0
   vqmver    : 2.1.6
   author    : NeitrinoZull

File Name    : catalog/view/theme/*/template/affiliate/tracking.tpl(0)
VQModObject::applyMod - SEARCH NOT FOUND (ABORTING MOD): <h1><?php echo $heading_title; ?></h1>

----------------------------------------------------------------------


---------- Date: 2015-10-11 23:33:59 ~ IP : 127.0.0.1 ----------
REQUEST URI : /index.php?route=affiliate/tracking
MOD DETAILS:
   modFile   : E:\OpenServer\domains\oc.loc\vqmod/xml/affiliatemmm_catalog.xml
   id        : affiliatemmm
   version   : 2.0
   vqmver    : 2.1.6
   author    : NeitrinoZull

File Name    : catalog/view/theme/*/template/affiliate/tracking.tpl(0)
VQModObject::applyMod - SEARCH NOT FOUND (ABORTING MOD): <h1><?php echo $heading_title; ?></h1>

----------------------------------------------------------------------


---------- Date: 2015-10-11 23:50:19 ~ IP : 127.0.0.1 ----------
REQUEST URI : /index.php?route=affiliate/tracking
MOD DETAILS:
   modFile   : E:\OpenServer\domains\oc.loc\vqmod/xml/affiliatemmm_catalog.xml
   id        : affiliatemmm
   version   : 2.0
   vqmver    : 2.1.6
   author    : NeitrinoZull

File Name    : catalog/view/theme/*/template/affiliate/tracking.tpl(0)
VQModObject::applyMod - SEARCH NOT FOUND (ABORTING MOD): <h1><?php echo $heading_title; ?></h1>

----------------------------------------------------------------------


