---------- Date: 2015-10-19 14:24:22 ~ IP : 127.0.0.1 ----------
REQUEST URI : /affiliate-tracking-code/
MOD DETAILS:
   modFile   : E:\OpenServer\domains\oc.loc\vqmod/xml/affiliatemmm_catalog.xml
   id        : affiliatemmm
   version   : 2.0
   vqmver    : 2.1.6
   author    : NeitrinoZull

File Name    : catalog/view/theme/*/template/affiliate/tracking.tpl(0)
VQModObject::applyMod - SEARCH NOT FOUND (ABORTING MOD): <h1><?php echo $heading_title; ?></h1>

----------------------------------------------------------------------


---------- Date: 2015-10-19 14:28:04 ~ IP : 127.0.0.1 ----------
REQUEST URI : /affiliate-tracking-code/
MOD DETAILS:
   modFile   : E:\OpenServer\domains\oc.loc\vqmod/xml/affiliatemmm_catalog.xml
   id        : affiliatemmm
   version   : 2.0
   vqmver    : 2.1.6
   author    : NeitrinoZull

File Name    : catalog/view/theme/*/template/affiliate/tracking.tpl(0)
VQModObject::applyMod - SEARCH NOT FOUND (ABORTING MOD): <h1><?php echo $heading_title; ?></h1>

----------------------------------------------------------------------


---------- Date: 2015-10-19 14:56:22 ~ IP : 127.0.0.1 ----------
REQUEST URI : /affiliate-tracking-code/
MOD DETAILS:
   modFile   : E:\OpenServer\domains\oc.loc\vqmod/xml/affiliatemmm_catalog.xml
   id        : affiliatemmm
   version   : 2.0
   vqmver    : 2.1.6
   author    : NeitrinoZull

File Name    : catalog/view/theme/*/template/affiliate/tracking.tpl(0)
VQModObject::applyMod - SEARCH NOT FOUND (ABORTING MOD): <h1><?php echo $heading_title; ?></h1>

----------------------------------------------------------------------


---------- Date: 2015-10-19 15:03:14 ~ IP : 127.0.0.1 ----------
REQUEST URI : /affiliate-tracking-code/
MOD DETAILS:
   modFile   : E:\OpenServer\domains\oc.loc\vqmod/xml/affiliatemmm_catalog.xml
   id        : affiliatemmm
   version   : 2.0
   vqmver    : 2.1.6
   author    : NeitrinoZull

File Name    : catalog/view/theme/*/template/affiliate/tracking.tpl(0)
VQModObject::applyMod - SEARCH NOT FOUND (ABORTING MOD): <h1><?php echo $heading_title; ?></h1>

----------------------------------------------------------------------


