---------- Date: 2015-10-13 14:13:33 ~ IP : 127.0.0.1 ----------
REQUEST URI : /index.php?route=affiliate/tracking
MOD DETAILS:
   modFile   : E:\OpenServer\domains\oc.loc\vqmod/xml/affiliatemmm_catalog.xml
   id        : affiliatemmm
   version   : 2.0
   vqmver    : 2.1.6
   author    : NeitrinoZull

File Name    : catalog/view/theme/*/template/affiliate/tracking.tpl(0)
VQModObject::applyMod - SEARCH NOT FOUND (ABORTING MOD): <h1><?php echo $heading_title; ?></h1>

----------------------------------------------------------------------


---------- Date: 2015-10-13 14:40:49 ~ IP : 127.0.0.1 ----------
REQUEST URI : /index.php?route=affiliate/tracking
MOD DETAILS:
   modFile   : E:\OpenServer\domains\oc.loc\vqmod/xml/affiliatemmm_catalog.xml
   id        : affiliatemmm
   version   : 2.0
   vqmver    : 2.1.6
   author    : NeitrinoZull

File Name    : catalog/view/theme/*/template/affiliate/tracking.tpl(0)
VQModObject::applyMod - SEARCH NOT FOUND (ABORTING MOD): <h1><?php echo $heading_title; ?></h1>

----------------------------------------------------------------------


---------- Date: 2015-10-13 14:42:30 ~ IP : 127.0.0.1 ----------
REQUEST URI : /index.php?route=affiliate/tracking
MOD DETAILS:
   modFile   : E:\OpenServer\domains\oc.loc\vqmod/xml/affiliatemmm_catalog.xml
   id        : affiliatemmm
   version   : 2.0
   vqmver    : 2.1.6
   author    : NeitrinoZull

File Name    : catalog/view/theme/*/template/affiliate/tracking.tpl(0)
VQModObject::applyMod - SEARCH NOT FOUND (ABORTING MOD): <h1><?php echo $heading_title; ?></h1>

----------------------------------------------------------------------


---------- Date: 2015-10-13 14:43:19 ~ IP : 127.0.0.1 ----------
REQUEST URI : /index.php?route=affiliate/tracking
MOD DETAILS:
   modFile   : E:\OpenServer\domains\oc.loc\vqmod/xml/affiliatemmm_catalog.xml
   id        : affiliatemmm
   version   : 2.0
   vqmver    : 2.1.6
   author    : NeitrinoZull

File Name    : catalog/view/theme/*/template/affiliate/tracking.tpl(0)
VQModObject::applyMod - SEARCH NOT FOUND (ABORTING MOD): <h1><?php echo $heading_title; ?></h1>

----------------------------------------------------------------------


