---------- Date: 2015-10-09 15:57:49 ~ IP : 127.0.0.1 ----------
REQUEST URI : /index.php?route=affiliate/tracking
MOD DETAILS:
   modFile   : E:\OpenServer\domains\oc.loc\vqmod/xml/affiliatemmm_catalog.xml
   id        : affiliatemmm
   version   : 2.0
   vqmver    : 2.1.6
   author    : NeitrinoZull

File Name    : catalog/view/theme/*/template/affiliate/tracking.tpl(0)
VQModObject::applyMod - SEARCH NOT FOUND (ABORTING MOD): <h1><?php echo $heading_title; ?></h1>

----------------------------------------------------------------------


---------- Date: 2015-10-09 20:14:27 ~ IP : 127.0.0.1 ----------
REQUEST URI : /index.php?route=affiliate/tracking
MOD DETAILS:
   modFile   : E:\OpenServer\domains\oc.loc\vqmod/xml/affiliatemmm_catalog.xml
   id        : affiliatemmm
   version   : 2.0
   vqmver    : 2.1.6
   author    : NeitrinoZull

File Name    : catalog/view/theme/*/template/affiliate/tracking.tpl(0)
VQModObject::applyMod - SEARCH NOT FOUND (ABORTING MOD): <h1><?php echo $heading_title; ?></h1>

----------------------------------------------------------------------


---------- Date: 2015-10-09 20:24:20 ~ IP : 127.0.0.1 ----------
REQUEST URI : /index.php?route=affiliate/tracking
MOD DETAILS:
   modFile   : E:\OpenServer\domains\oc.loc\vqmod/xml/affiliatemmm_catalog.xml
   id        : affiliatemmm
   version   : 2.0
   vqmver    : 2.1.6
   author    : NeitrinoZull

File Name    : catalog/view/theme/*/template/affiliate/tracking.tpl(0)
VQModObject::applyMod - SEARCH NOT FOUND (ABORTING MOD): <h1><?php echo $heading_title; ?></h1>

----------------------------------------------------------------------


---------- Date: 2015-10-09 20:30:04 ~ IP : 127.0.0.1 ----------
REQUEST URI : /index.php?route=affiliate/tracking
MOD DETAILS:
   modFile   : E:\OpenServer\domains\oc.loc\vqmod/xml/affiliatemmm_catalog.xml
   id        : affiliatemmm
   version   : 2.0
   vqmver    : 2.1.6
   author    : NeitrinoZull

File Name    : catalog/view/theme/*/template/affiliate/tracking.tpl(0)
VQModObject::applyMod - SEARCH NOT FOUND (ABORTING MOD): <h1><?php echo $heading_title; ?></h1>

----------------------------------------------------------------------


---------- Date: 2015-10-09 20:33:22 ~ IP : 127.0.0.1 ----------
REQUEST URI : /index.php?route=affiliate/tracking
MOD DETAILS:
   modFile   : E:\OpenServer\domains\oc.loc\vqmod/xml/affiliatemmm_catalog.xml
   id        : affiliatemmm
   version   : 2.0
   vqmver    : 2.1.6
   author    : NeitrinoZull

File Name    : catalog/view/theme/*/template/affiliate/tracking.tpl(0)
VQModObject::applyMod - SEARCH NOT FOUND (ABORTING MOD): <h1><?php echo $heading_title; ?></h1>

----------------------------------------------------------------------


---------- Date: 2015-10-09 20:36:06 ~ IP : 127.0.0.1 ----------
REQUEST URI : /index.php?route=affiliate/tracking
MOD DETAILS:
   modFile   : E:\OpenServer\domains\oc.loc\vqmod/xml/affiliatemmm_catalog.xml
   id        : affiliatemmm
   version   : 2.0
   vqmver    : 2.1.6
   author    : NeitrinoZull

File Name    : catalog/view/theme/*/template/affiliate/tracking.tpl(0)
VQModObject::applyMod - SEARCH NOT FOUND (ABORTING MOD): <h1><?php echo $heading_title; ?></h1>

----------------------------------------------------------------------


---------- Date: 2015-10-09 20:44:53 ~ IP : 127.0.0.1 ----------
REQUEST URI : /index.php?route=affiliate/tracking
MOD DETAILS:
   modFile   : E:\OpenServer\domains\oc.loc\vqmod/xml/affiliatemmm_catalog.xml
   id        : affiliatemmm
   version   : 2.0
   vqmver    : 2.1.6
   author    : NeitrinoZull

File Name    : catalog/view/theme/*/template/affiliate/tracking.tpl(0)
VQModObject::applyMod - SEARCH NOT FOUND (ABORTING MOD): <h1><?php echo $heading_title; ?></h1>

----------------------------------------------------------------------


---------- Date: 2015-10-09 20:55:08 ~ IP : 127.0.0.1 ----------
REQUEST URI : /index.php?route=affiliate/tracking
MOD DETAILS:
   modFile   : E:\OpenServer\domains\oc.loc\vqmod/xml/affiliatemmm_catalog.xml
   id        : affiliatemmm
   version   : 2.0
   vqmver    : 2.1.6
   author    : NeitrinoZull

File Name    : catalog/view/theme/*/template/affiliate/tracking.tpl(0)
VQModObject::applyMod - SEARCH NOT FOUND (ABORTING MOD): <h1><?php echo $heading_title; ?></h1>

----------------------------------------------------------------------


---------- Date: 2015-10-09 20:56:05 ~ IP : 127.0.0.1 ----------
REQUEST URI : /index.php?route=affiliate/tracking
MOD DETAILS:
   modFile   : E:\OpenServer\domains\oc.loc\vqmod/xml/affiliatemmm_catalog.xml
   id        : affiliatemmm
   version   : 2.0
   vqmver    : 2.1.6
   author    : NeitrinoZull

File Name    : catalog/view/theme/*/template/affiliate/tracking.tpl(0)
VQModObject::applyMod - SEARCH NOT FOUND (ABORTING MOD): <h1><?php echo $heading_title; ?></h1>

----------------------------------------------------------------------


---------- Date: 2015-10-09 20:56:24 ~ IP : 127.0.0.1 ----------
REQUEST URI : /index.php?route=affiliate/tracking
MOD DETAILS:
   modFile   : E:\OpenServer\domains\oc.loc\vqmod/xml/affiliatemmm_catalog.xml
   id        : affiliatemmm
   version   : 2.0
   vqmver    : 2.1.6
   author    : NeitrinoZull

File Name    : catalog/view/theme/*/template/affiliate/tracking.tpl(0)
VQModObject::applyMod - SEARCH NOT FOUND (ABORTING MOD): <h1><?php echo $heading_title; ?></h1>

----------------------------------------------------------------------


---------- Date: 2015-10-09 21:04:41 ~ IP : 127.0.0.1 ----------
REQUEST URI : /index.php?route=affiliate/tracking
MOD DETAILS:
   modFile   : E:\OpenServer\domains\oc.loc\vqmod/xml/affiliatemmm_catalog.xml
   id        : affiliatemmm
   version   : 2.0
   vqmver    : 2.1.6
   author    : NeitrinoZull

File Name    : catalog/view/theme/*/template/affiliate/tracking.tpl(0)
VQModObject::applyMod - SEARCH NOT FOUND (ABORTING MOD): <h1><?php echo $heading_title; ?></h1>

----------------------------------------------------------------------


---------- Date: 2015-10-09 21:06:06 ~ IP : 127.0.0.1 ----------
REQUEST URI : /index.php?route=affiliate/tracking
MOD DETAILS:
   modFile   : E:\OpenServer\domains\oc.loc\vqmod/xml/affiliatemmm_catalog.xml
   id        : affiliatemmm
   version   : 2.0
   vqmver    : 2.1.6
   author    : NeitrinoZull

File Name    : catalog/view/theme/*/template/affiliate/tracking.tpl(0)
VQModObject::applyMod - SEARCH NOT FOUND (ABORTING MOD): <h1><?php echo $heading_title; ?></h1>

----------------------------------------------------------------------


---------- Date: 2015-10-09 21:22:54 ~ IP : 127.0.0.1 ----------
REQUEST URI : /index.php?route=affiliate/tracking
MOD DETAILS:
   modFile   : E:\OpenServer\domains\oc.loc\vqmod/xml/affiliatemmm_catalog.xml
   id        : affiliatemmm
   version   : 2.0
   vqmver    : 2.1.6
   author    : NeitrinoZull

File Name    : catalog/view/theme/*/template/affiliate/tracking.tpl(0)
VQModObject::applyMod - SEARCH NOT FOUND (ABORTING MOD): <h1><?php echo $heading_title; ?></h1>

----------------------------------------------------------------------


---------- Date: 2015-10-09 21:24:24 ~ IP : 127.0.0.1 ----------
REQUEST URI : /index.php?route=affiliate/tracking
MOD DETAILS:
   modFile   : E:\OpenServer\domains\oc.loc\vqmod/xml/affiliatemmm_catalog.xml
   id        : affiliatemmm
   version   : 2.0
   vqmver    : 2.1.6
   author    : NeitrinoZull

File Name    : catalog/view/theme/*/template/affiliate/tracking.tpl(0)
VQModObject::applyMod - SEARCH NOT FOUND (ABORTING MOD): <h1><?php echo $heading_title; ?></h1>

----------------------------------------------------------------------


---------- Date: 2015-10-09 21:33:05 ~ IP : 127.0.0.1 ----------
REQUEST URI : /index.php?route=affiliate/tracking
MOD DETAILS:
   modFile   : E:\OpenServer\domains\oc.loc\vqmod/xml/affiliatemmm_catalog.xml
   id        : affiliatemmm
   version   : 2.0
   vqmver    : 2.1.6
   author    : NeitrinoZull

File Name    : catalog/view/theme/*/template/affiliate/tracking.tpl(0)
VQModObject::applyMod - SEARCH NOT FOUND (ABORTING MOD): <h1><?php echo $heading_title; ?></h1>

----------------------------------------------------------------------


---------- Date: 2015-10-09 21:33:28 ~ IP : 127.0.0.1 ----------
REQUEST URI : /index.php?route=affiliate/tracking
MOD DETAILS:
   modFile   : E:\OpenServer\domains\oc.loc\vqmod/xml/affiliatemmm_catalog.xml
   id        : affiliatemmm
   version   : 2.0
   vqmver    : 2.1.6
   author    : NeitrinoZull

File Name    : catalog/view/theme/*/template/affiliate/tracking.tpl(0)
VQModObject::applyMod - SEARCH NOT FOUND (ABORTING MOD): <h1><?php echo $heading_title; ?></h1>

----------------------------------------------------------------------


---------- Date: 2015-10-09 21:33:41 ~ IP : 127.0.0.1 ----------
REQUEST URI : /index.php?route=affiliate/tracking
MOD DETAILS:
   modFile   : E:\OpenServer\domains\oc.loc\vqmod/xml/affiliatemmm_catalog.xml
   id        : affiliatemmm
   version   : 2.0
   vqmver    : 2.1.6
   author    : NeitrinoZull

File Name    : catalog/view/theme/*/template/affiliate/tracking.tpl(0)
VQModObject::applyMod - SEARCH NOT FOUND (ABORTING MOD): <h1><?php echo $heading_title; ?></h1>

----------------------------------------------------------------------


